E:\CODE_ONDEVFAN.NET\WINDOWS\BASE\COMMONLIB\DEBUG\STOPWATCH.EXE
E:\CODE_ONDEVFAN.NET\WINDOWS\BASE\COMMONLIB\DEBUG\STOPWATCH.ILK
E:\CODE_ONDEVFAN.NET\WINDOWS\BASE\COMMONLIB\DEBUG\STOPWATCH.PDB
E:\code_onDevFan.net\windows\base\CommonLib\StopWatch\Debug\cl.command.1.tlog
E:\code_onDevFan.net\windows\base\CommonLib\StopWatch\Debug\CL.read.1.tlog
E:\code_onDevFan.net\windows\base\CommonLib\StopWatch\Debug\CL.write.1.tlog
E:\CODE_ONDEVFAN.NET\WINDOWS\BASE\COMMONLIB\STOPWATCH\DEBUG\HPTIMER.OBJ
E:\code_onDevFan.net\windows\base\CommonLib\StopWatch\Debug\link.11296.read.1.tlog
E:\code_onDevFan.net\windows\base\CommonLib\StopWatch\Debug\link.11296.write.1.tlog
E:\code_onDevFan.net\windows\base\CommonLib\StopWatch\Debug\link.11296-cvtres.read.1.tlog
E:\code_onDevFan.net\windows\base\CommonLib\StopWatch\Debug\link.11296-cvtres.write.1.tlog
E:\code_onDevFan.net\windows\base\CommonLib\StopWatch\Debug\link.command.1.tlog
E:\code_onDevFan.net\windows\base\CommonLib\StopWatch\Debug\link.read.1.tlog
E:\code_onDevFan.net\windows\base\CommonLib\StopWatch\Debug\link.write.1.tlog
E:\code_onDevFan.net\windows\base\CommonLib\StopWatch\Debug\link-cvtres.read.1.tlog
E:\code_onDevFan.net\windows\base\CommonLib\StopWatch\Debug\link-cvtres.write.1.tlog
E:\code_onDevFan.net\windows\base\CommonLib\StopWatch\Debug\mt.command.1.tlog
E:\code_onDevFan.net\windows\base\CommonLib\StopWatch\Debug\mt.read.1.tlog
E:\code_onDevFan.net\windows\base\CommonLib\StopWatch\Debug\mt.write.1.tlog
E:\code_onDevFan.net\windows\base\CommonLib\StopWatch\Debug\rc.command.1.tlog
E:\code_onDevFan.net\windows\base\CommonLib\StopWatch\Debug\rc.read.1.tlog
E:\code_onDevFan.net\windows\base\CommonLib\StopWatch\Debug\rc.write.1.tlog
E:\CODE_ONDEVFAN.NET\WINDOWS\BASE\COMMONLIB\STOPWATCH\DEBUG\STDAFX.OBJ
E:\CODE_ONDEVFAN.NET\WINDOWS\BASE\COMMONLIB\STOPWATCH\DEBUG\STOPWATCH.EXE.EMBED.MANIFEST
E:\CODE_ONDEVFAN.NET\WINDOWS\BASE\COMMONLIB\STOPWATCH\DEBUG\STOPWATCH.EXE.EMBED.MANIFEST.RES
E:\CODE_ONDEVFAN.NET\WINDOWS\BASE\COMMONLIB\STOPWATCH\DEBUG\STOPWATCH.EXE.INTERMEDIATE.MANIFEST
E:\CODE_ONDEVFAN.NET\WINDOWS\BASE\COMMONLIB\STOPWATCH\DEBUG\STOPWATCH.OBJ
E:\CODE_ONDEVFAN.NET\WINDOWS\BASE\COMMONLIB\STOPWATCH\DEBUG\STOPWATCH.PCH
E:\code_onDevFan.net\windows\base\CommonLib\StopWatch\Debug\StopWatch.write.1.tlog
E:\code_onDevFan.net\windows\base\CommonLib\StopWatch\Debug\StopWatch_manifest.rc
E:\code_onDevFan.net\windows\base\CommonLib\StopWatch\Debug\vc100.idb
E:\CODE_ONDEVFAN.NET\WINDOWS\BASE\COMMONLIB\STOPWATCH\DEBUG\VC100.PDB
