生成启动时间为 2014/11/27 10:23:34。
     1>项目“E:\code_onDevFan.net\windows\proj\Log4C\Log_Rd\Log_Rd.vcxproj”在节点 3 上(build 个目标)。
     1>InitializeBuildStatus:
         正在对“Debug\Log_Rd.unsuccessfulbuild”执行 Touch 任务。
       ClCompile:
         所有输出均为最新。
         F:\Program Files (x86)\Microsoft Visual Studio 10.0\VC\bin\CL.exe /c /I..\..\..\..\include /ZI /nologo /W3 /WX- /Od /Oy- /D WIN32 /D _DEBUG /D _CONSOLE /D _UNICODE /D UNICODE /Gm /EHsc /RTC1 /MDd /GS /fp:precise /Zc:wchar_t /Zc:forScope /Yu"StdAfx.h" /Fp"Debug\Log_Rd.pch" /Fo"Debug\\" /Fd"Debug\vc100.pdb" /Gd /TP /analyze- /errorReport:prompt LogRd.cpp Log_Rd.cpp
         Log_Rd.cpp
         LogRd.cpp
         正在生成代码...
       ManifestResourceCompile:
         所有输出均为最新。
       Link:
         F:\Program Files (x86)\Microsoft Visual Studio 10.0\VC\bin\link.exe /ERRORREPORT:PROMPT /OUT:"E:\code_onDevFan.net\windows\proj\Log4C\Debug\Log_Rd.exe" /INCREMENTAL /NOLOGO kernel32.lib user32.lib gdi32.lib winspool.lib comdlg32.lib advapi32.lib shell32.lib ole32.lib oleaut32.lib uuid.lib odbc32.lib odbccp32.lib /MANIFEST /ManifestFile:"Debug\Log_Rd.exe.intermediate.manifest" /MANIFESTUAC:"level='asInvoker' uiAccess='false'" /DEBUG /PDB:"E:\code_onDevFan.net\windows\proj\Log4C\Debug\Log_Rd.pdb" /SUBSYSTEM:CONSOLE /TLBID:1 /DYNAMICBASE /NXCOMPAT /IMPLIB:"E:\code_onDevFan.net\windows\proj\Log4C\Debug\Log_Rd.lib" /MACHINE:X86 Debug\Log_Rd.exe.embed.manifest.res
         Debug\LogRd.obj
         Debug\Log_Rd.obj
         Debug\stdafx.obj
       Manifest:
         F:\Program Files (x86)\Microsoft SDKs\Windows\v7.0A\bin\mt.exe /nologo /verbose /out:"Debug\Log_Rd.exe.embed.manifest" /manifest Debug\Log_Rd.exe.intermediate.manifest
         所有输出均为最新。
       LinkEmbedManifest:
         所有输出均为最新。
         Log_Rd.vcxproj -> E:\code_onDevFan.net\windows\proj\Log4C\Debug\Log_Rd.exe
       FinalizeBuildStatus:
         正在删除文件“Debug\Log_Rd.unsuccessfulbuild”。
         正在对“Debug\Log_Rd.lastbuildstate”执行 Touch 任务。
     1>已完成生成项目“E:\code_onDevFan.net\windows\proj\Log4C\Log_Rd\Log_Rd.vcxproj”(build 个目标)的操作。

生成成功。

已用时间 00:00:02.65
