生成启动时间为 2014/11/13 16:00:30。
     1>项目“E:\code_onDevFan.net\windows\proj\VideoRecorder\VideoRecorder\VideoRecorder.vcxproj”在节点 2 上(build 个目标)。
     1>InitializeBuildStatus:
         正在创建“Debug\VideoRecorder.unsuccessfulbuild”，因为已指定“AlwaysCreate”。
       ClCompile:
         所有输出均为最新。
         所有输出均为最新。
         F:\Program Files (x86)\Microsoft Visual Studio 10.0\VC\bin\CL.exe /c /I..\include /I..\..\..\..\include /ZI /nologo /W3 /WX- /Od /Oy- /D WIN32 /D _DEBUG /D _WINDOWS /D _USRDLL /D VIDEORECORDER_EXPORTS /D _WINDLL /D _MBCS /Gm /EHsc /RTC1 /MDd /GS /fp:precise /Zc:wchar_t /Zc:forScope /Yu"StdAfx.h" /Fp"Debug\VideoRecorder.pch" /Fo"Debug\\" /Fd"Debug\vc100.pdb" /Gd /TP /analyze- /errorReport:prompt VideoLivRecord.cpp VideoRecorder.cpp
         VideoLivRecord.cpp
         正在生成代码...
         正在编译...
         VideoRecorder.cpp
         正在生成代码...
       ManifestResourceCompile:
         所有输出均为最新。
       Link:
         F:\Program Files (x86)\Microsoft Visual Studio 10.0\VC\bin\link.exe /ERRORREPORT:PROMPT /OUT:"E:\code_onDevFan.net\windows\proj\VideoRecorder\Debug\..\bin\VideoRecorder.dll" /INCREMENTAL /NOLOGO /LIBPATH:..\lib /LIBPATH:..\..\..\..\lib avcodec.lib swresample.lib swscale.lib avutil.lib avformat.lib kernel32.lib user32.lib gdi32.lib winspool.lib comdlg32.lib advapi32.lib shell32.lib ole32.lib oleaut32.lib uuid.lib odbc32.lib odbccp32.lib /MANIFEST /ManifestFile:"Debug\VideoRecorder.dll.intermediate.manifest" /MANIFESTUAC:"level='asInvoker' uiAccess='false'" /DEBUG /PDB:"E:\code_onDevFan.net\windows\proj\VideoRecorder\bin\VideoRecorder.pdb" /SUBSYSTEM:WINDOWS /TLBID:1 /DYNAMICBASE /NXCOMPAT /IMPLIB:"E:\code_onDevFan.net\windows\proj\VideoRecorder\Debug\..\bin\VideoRecorder.lib" /MACHINE:X86 /DLL Debug\VideoRecorder.dll.embed.manifest.res
         Debug\dllmain.obj
         Debug\VideoLivRecord.obj
         Debug\stdafx.obj
         Debug\VideoRecorder.obj
         Debug\VideoRecorderImpl.obj
       Manifest:
         F:\Program Files (x86)\Microsoft SDKs\Windows\v7.0A\bin\mt.exe /nologo /verbose /out:"Debug\VideoRecorder.dll.embed.manifest" /manifest Debug\VideoRecorder.dll.intermediate.manifest
         所有输出均为最新。
       LinkEmbedManifest:
         所有输出均为最新。
         VideoRecorder.vcxproj -> E:\code_onDevFan.net\windows\proj\VideoRecorder\Debug\..\bin\VideoRecorder.dll
       PostBuildEvent:
         xcopy /y E:\code_onDevFan.net\windows\proj\VideoRecorder\bin\VideoRecorder.lib  E:\code_onDevFan.net\windows\proj\VideoRecorder\..\..\..\lib\
         xcopy /y E:\code_onDevFan.net\windows\proj\VideoRecorder\bin\VideoRecorder.dll  E:\code_onDevFan.net\windows\proj\VideoRecorder\..\..\..\bin\
         :VCEnd
         E:\code_onDevFan.net\windows\proj\VideoRecorder\bin\VideoRecorder.lib
         复制了 1 个文件
         E:\code_onDevFan.net\windows\proj\VideoRecorder\bin\VideoRecorder.dll
         复制了 1 个文件
       FinalizeBuildStatus:
         正在删除文件“Debug\VideoRecorder.unsuccessfulbuild”。
         正在对“Debug\VideoRecorder.lastbuildstate”执行 Touch 任务。
     1>已完成生成项目“E:\code_onDevFan.net\windows\proj\VideoRecorder\VideoRecorder\VideoRecorder.vcxproj”(build 个目标)的操作。

生成成功。

已用时间 00:00:00.81
