E:\CODE_ONDEVFAN.NET\WINDOWS\PROJ\VIDEORECORDER\BIN\VIDEORECORDER.DLL
E:\code_onDevFan.net\windows\proj\VideoRecorder\bin\VideoRecorder.exp
E:\CODE_ONDEVFAN.NET\WINDOWS\PROJ\VIDEORECORDER\BIN\VIDEORECORDER.ILK
E:\code_onDevFan.net\windows\proj\VideoRecorder\bin\VideoRecorder.lib
E:\CODE_ONDEVFAN.NET\WINDOWS\PROJ\VIDEORECORDER\BIN\VIDEORECORDER.PDB
E:\code_onDevFan.net\windows\proj\VideoRecorder\Debug\..\bin\VideoRecorder.dll
E:\code_onDevFan.net\windows\proj\VideoRecorder\Debug\..\bin\VideoRecorder.ilk
E:\code_onDevFan.net\windows\proj\VideoRecorder\Debug\..\bin\VideoRecorder.pdb
E:\code_onDevFan.net\windows\proj\VideoRecorder\VideoRecorder\Debug\cl.command.1.tlog
E:\code_onDevFan.net\windows\proj\VideoRecorder\VideoRecorder\Debug\CL.read.1.tlog
E:\code_onDevFan.net\windows\proj\VideoRecorder\VideoRecorder\Debug\CL.write.1.tlog
E:\CODE_ONDEVFAN.NET\WINDOWS\PROJ\VIDEORECORDER\VIDEORECORDER\DEBUG\DLLMAIN.OBJ
E:\code_onDevFan.net\windows\proj\VideoRecorder\VideoRecorder\Debug\link.11892.read.1.tlog
E:\code_onDevFan.net\windows\proj\VideoRecorder\VideoRecorder\Debug\link.11892.write.1.tlog
E:\code_onDevFan.net\windows\proj\VideoRecorder\VideoRecorder\Debug\link.11892-cvtres.read.1.tlog
E:\code_onDevFan.net\windows\proj\VideoRecorder\VideoRecorder\Debug\link.11892-cvtres.write.1.tlog
E:\code_onDevFan.net\windows\proj\VideoRecorder\VideoRecorder\Debug\link.command.1.tlog
E:\code_onDevFan.net\windows\proj\VideoRecorder\VideoRecorder\Debug\link.read.1.tlog
E:\code_onDevFan.net\windows\proj\VideoRecorder\VideoRecorder\Debug\link.write.1.tlog
E:\code_onDevFan.net\windows\proj\VideoRecorder\VideoRecorder\Debug\link-cvtres.read.1.tlog
E:\code_onDevFan.net\windows\proj\VideoRecorder\VideoRecorder\Debug\link-cvtres.write.1.tlog
E:\code_onDevFan.net\windows\proj\VideoRecorder\VideoRecorder\Debug\mt.command.1.tlog
E:\code_onDevFan.net\windows\proj\VideoRecorder\VideoRecorder\Debug\mt.read.1.tlog
E:\code_onDevFan.net\windows\proj\VideoRecorder\VideoRecorder\Debug\mt.write.1.tlog
E:\code_onDevFan.net\windows\proj\VideoRecorder\VideoRecorder\Debug\rc.command.1.tlog
E:\code_onDevFan.net\windows\proj\VideoRecorder\VideoRecorder\Debug\rc.read.1.tlog
E:\code_onDevFan.net\windows\proj\VideoRecorder\VideoRecorder\Debug\rc.write.1.tlog
E:\CODE_ONDEVFAN.NET\WINDOWS\PROJ\VIDEORECORDER\VIDEORECORDER\DEBUG\STDAFX.OBJ
E:\code_onDevFan.net\windows\proj\VideoRecorder\VideoRecorder\Debug\vc100.idb
E:\CODE_ONDEVFAN.NET\WINDOWS\PROJ\VIDEORECORDER\VIDEORECORDER\DEBUG\VC100.PDB
E:\CODE_ONDEVFAN.NET\WINDOWS\PROJ\VIDEORECORDER\VIDEORECORDER\DEBUG\VIDEOLIVRECORD.OBJ
E:\CODE_ONDEVFAN.NET\WINDOWS\PROJ\VIDEORECORDER\VIDEORECORDER\DEBUG\VIDEORECORDER.DLL.EMBED.MANIFEST
E:\CODE_ONDEVFAN.NET\WINDOWS\PROJ\VIDEORECORDER\VIDEORECORDER\DEBUG\VIDEORECORDER.DLL.EMBED.MANIFEST.RES
E:\CODE_ONDEVFAN.NET\WINDOWS\PROJ\VIDEORECORDER\VIDEORECORDER\DEBUG\VIDEORECORDER.DLL.INTERMEDIATE.MANIFEST
E:\CODE_ONDEVFAN.NET\WINDOWS\PROJ\VIDEORECORDER\VIDEORECORDER\DEBUG\VIDEORECORDER.OBJ
E:\CODE_ONDEVFAN.NET\WINDOWS\PROJ\VIDEORECORDER\VIDEORECORDER\DEBUG\VIDEORECORDER.PCH
E:\code_onDevFan.net\windows\proj\VideoRecorder\VideoRecorder\Debug\VideoRecorder.write.1.tlog
E:\code_onDevFan.net\windows\proj\VideoRecorder\VideoRecorder\Debug\VideoRecorder_manifest.rc
E:\CODE_ONDEVFAN.NET\WINDOWS\PROJ\VIDEORECORDER\VIDEORECORDER\DEBUG\VIDEORECORDERIMPL.OBJ
