E:\CODE_ONDEVFAN.NET\WINDOWS\PROJ\VIDEORECORDER\BIN\VIDEORECORDER.DLL
E:\code_onDevFan.net\windows\proj\VideoRecorder\bin\VideoRecorder.exp
E:\code_onDevFan.net\windows\proj\VideoRecorder\bin\VideoRecorder.lib
E:\CODE_ONDEVFAN.NET\WINDOWS\PROJ\VIDEORECORDER\BIN\VIDEORECORDER.PDB
E:\code_onDevFan.net\windows\proj\VideoRecorder\Release\..\bin\VideoRecorder.dll
E:\code_onDevFan.net\windows\proj\VideoRecorder\Release\..\bin\VideoRecorder.pdb
E:\code_onDevFan.net\windows\proj\VideoRecorder\VideoRecorder\Release\cl.command.1.tlog
E:\code_onDevFan.net\windows\proj\VideoRecorder\VideoRecorder\Release\CL.read.1.tlog
E:\code_onDevFan.net\windows\proj\VideoRecorder\VideoRecorder\Release\CL.write.1.tlog
E:\CODE_ONDEVFAN.NET\WINDOWS\PROJ\VIDEORECORDER\VIDEORECORDER\RELEASE\DLLMAIN.OBJ
E:\code_onDevFan.net\windows\proj\VideoRecorder\VideoRecorder\Release\link.command.1.tlog
E:\code_onDevFan.net\windows\proj\VideoRecorder\VideoRecorder\Release\link.read.1.tlog
E:\code_onDevFan.net\windows\proj\VideoRecorder\VideoRecorder\Release\link.write.1.tlog
E:\code_onDevFan.net\windows\proj\VideoRecorder\VideoRecorder\Release\mt.command.1.tlog
E:\code_onDevFan.net\windows\proj\VideoRecorder\VideoRecorder\Release\mt.read.1.tlog
E:\code_onDevFan.net\windows\proj\VideoRecorder\VideoRecorder\Release\mt.write.1.tlog
E:\CODE_ONDEVFAN.NET\WINDOWS\PROJ\VIDEORECORDER\VIDEORECORDER\RELEASE\STDAFX.OBJ
E:\CODE_ONDEVFAN.NET\WINDOWS\PROJ\VIDEORECORDER\VIDEORECORDER\RELEASE\VC100.PDB
E:\CODE_ONDEVFAN.NET\WINDOWS\PROJ\VIDEORECORDER\VIDEORECORDER\RELEASE\VIDEOLIVRECORD.OBJ
E:\CODE_ONDEVFAN.NET\WINDOWS\PROJ\VIDEORECORDER\VIDEORECORDER\RELEASE\VIDEORECORDER.DLL.INTERMEDIATE.MANIFEST
E:\CODE_ONDEVFAN.NET\WINDOWS\PROJ\VIDEORECORDER\VIDEORECORDER\RELEASE\VIDEORECORDER.OBJ
E:\CODE_ONDEVFAN.NET\WINDOWS\PROJ\VIDEORECORDER\VIDEORECORDER\RELEASE\VIDEORECORDER.PCH
E:\code_onDevFan.net\windows\proj\VideoRecorder\VideoRecorder\Release\VideoRecorder.vcxprojResolveAssemblyReference.cache
E:\code_onDevFan.net\windows\proj\VideoRecorder\VideoRecorder\Release\VideoRecorder.write.1.tlog
E:\CODE_ONDEVFAN.NET\WINDOWS\PROJ\VIDEORECORDER\VIDEORECORDER\RELEASE\VIDEORECORDERIMPL.OBJ
