生成启动时间为 2014/11/13 16:22:23。
     1>项目“E:\code_onDevFan.net\windows\proj\VideoRecorder\VideoRecorder\VideoRecorder.vcxproj”在节点 3 上(build 个目标)。
     1>InitializeBuildStatus:
         正在创建“Release\VideoRecorder.unsuccessfulbuild”，因为已指定“AlwaysCreate”。
       ClCompile:
         所有输出均为最新。
         所有输出均为最新。
         F:\Program Files (x86)\Microsoft Visual Studio 10.0\VC\bin\CL.exe /c /I..\include /I..\..\..\..\include /Zi /nologo /W3 /WX- /O2 /Oi /Oy- /GL /D WIN32 /D NDEBUG /D _WINDOWS /D _USRDLL /D VIDEORECORDER_EXPORTS /D _WINDLL /D _MBCS /Gm- /EHsc /MD /GS /Gy /fp:precise /Zc:wchar_t /Zc:forScope /Yu"StdAfx.h" /Fp"Release\VideoRecorder.pch" /Fo"Release\\" /Fd"Release\vc100.pdb" /Gd /TP /analyze- /errorReport:prompt VideoLivRecord.cpp VideoRecorder.cpp
         VideoLivRecord.cpp
         VideoRecorder.cpp
       Link:
         F:\Program Files (x86)\Microsoft Visual Studio 10.0\VC\bin\link.exe /ERRORREPORT:PROMPT /OUT:"E:\code_onDevFan.net\windows\proj\VideoRecorder\Release\..\bin\VideoRecorder.dll" /INCREMENTAL:NO /NOLOGO /LIBPATH:..\lib /LIBPATH:..\..\..\..\lib avcodec.lib swresample.lib swscale.lib avutil.lib avformat.lib kernel32.lib user32.lib gdi32.lib winspool.lib comdlg32.lib advapi32.lib shell32.lib ole32.lib oleaut32.lib uuid.lib odbc32.lib odbccp32.lib /MANIFEST /ManifestFile:"Release\VideoRecorder.dll.intermediate.manifest" /MANIFESTUAC:"level='asInvoker' uiAccess='false'" /DEBUG /PDB:"E:\code_onDevFan.net\windows\proj\VideoRecorder\bin\VideoRecorder.pdb" /SUBSYSTEM:WINDOWS /OPT:NOREF /OPT:ICF /LTCG /TLBID:1 /DYNAMICBASE /NXCOMPAT /IMPLIB:"E:\code_onDevFan.net\windows\proj\VideoRecorder\Release\..\bin\VideoRecorder.lib" /MACHINE:X86 /DLL Release\dllmain.obj
         Release\VideoLivRecord.obj
         Release\stdafx.obj
         Release\VideoRecorder.obj
         Release\VideoRecorderImpl.obj
            正在创建库 E:\code_onDevFan.net\windows\proj\VideoRecorder\Release\..\bin\VideoRecorder.lib 和对象 E:\code_onDevFan.net\windows\proj\VideoRecorder\Release\..\bin\VideoRecorder.exp
         正在生成代码
         已完成代码的生成
         VideoRecorder.vcxproj -> E:\code_onDevFan.net\windows\proj\VideoRecorder\Release\..\bin\VideoRecorder.dll
       Manifest:
         F:\Program Files (x86)\Microsoft SDKs\Windows\v7.0A\bin\mt.exe /nologo /verbose /outputresource:"E:\code_onDevFan.net\windows\proj\VideoRecorder\Release\..\bin\VideoRecorder.dll;#2" /manifest Release\VideoRecorder.dll.intermediate.manifest
       FinalizeBuildStatus:
         正在删除文件“Release\VideoRecorder.unsuccessfulbuild”。
         正在对“Release\VideoRecorder.lastbuildstate”执行 Touch 任务。
     1>已完成生成项目“E:\code_onDevFan.net\windows\proj\VideoRecorder\VideoRecorder\VideoRecorder.vcxproj”(build 个目标)的操作。

生成成功。

已用时间 00:00:00.66
