生成启动时间为 2014/11/26 17:29:49。
     1>项目“E:\code_onDevFan.net\windows\proj\Log4C\Log4C\Log4C.vcxproj”在节点 4 上(build 个目标)。
     1>InitializeBuildStatus:
         正在创建“Debug\Log4C.unsuccessfulbuild”，因为已指定“AlwaysCreate”。
       ClCompile:
         F:\Program Files (x86)\Microsoft Visual Studio 10.0\VC\bin\CL.exe /c /ZI /nologo /W3 /WX- /Od /Oy- /D WIN32 /D _DEBUG /D _CONSOLE /D _UNICODE /D UNICODE /Gm /EHsc /RTC1 /MDd /GS /fp:precise /Zc:wchar_t /Zc:forScope /Yc"StdAfx.h" /Fp"Debug\Log4C.pch" /Fo"Debug\\" /Fd"Debug\vc100.pdb" /Gd /TP /analyze- /errorReport:prompt stdafx.cpp
         stdafx.cpp
         F:\Program Files (x86)\Microsoft Visual Studio 10.0\VC\bin\CL.exe /c /ZI /nologo /W3 /WX- /Od /Oy- /D WIN32 /D _DEBUG /D _CONSOLE /D _UNICODE /D UNICODE /Gm /EHsc /RTC1 /MDd /GS /fp:precise /Zc:wchar_t /Zc:forScope /Yu"StdAfx.h" /Fp"Debug\Log4C.pch" /Fo"Debug\\" /Fd"Debug\vc100.pdb" /Gd /TP /analyze- /errorReport:prompt Log4C.cpp
         Log4C.cpp
       ManifestResourceCompile:
         F:\Program Files (x86)\Microsoft SDKs\Windows\v7.0A\bin\rc.exe /nologo /fo"Debug\Log4C.exe.embed.manifest.res" Debug\Log4C_manifest.rc 
       Link:
         F:\Program Files (x86)\Microsoft Visual Studio 10.0\VC\bin\link.exe /ERRORREPORT:PROMPT /OUT:"E:\code_onDevFan.net\windows\proj\Log4C\Debug\Log4C.exe" /INCREMENTAL /NOLOGO kernel32.lib user32.lib gdi32.lib winspool.lib comdlg32.lib advapi32.lib shell32.lib ole32.lib oleaut32.lib uuid.lib odbc32.lib odbccp32.lib /MANIFEST /ManifestFile:"Debug\Log4C.exe.intermediate.manifest" /MANIFESTUAC:"level='asInvoker' uiAccess='false'" /DEBUG /PDB:"E:\code_onDevFan.net\windows\proj\Log4C\Debug\Log4C.pdb" /SUBSYSTEM:CONSOLE /TLBID:1 /DYNAMICBASE /NXCOMPAT /IMPLIB:"E:\code_onDevFan.net\windows\proj\Log4C\Debug\Log4C.lib" /MACHINE:X86 Debug\Log4C.exe.embed.manifest.res
         Debug\Log4C.obj
         Debug\stdafx.obj
       Manifest:
         F:\Program Files (x86)\Microsoft SDKs\Windows\v7.0A\bin\mt.exe /nologo /verbose /out:"Debug\Log4C.exe.embed.manifest" /manifest Debug\Log4C.exe.intermediate.manifest
         F:\Program Files (x86)\Microsoft SDKs\Windows\v7.0A\bin\rc.exe /nologo /fo"Debug\Log4C.exe.embed.manifest.res" Debug\Log4C_manifest.rc 
       LinkEmbedManifest:
         F:\Program Files (x86)\Microsoft Visual Studio 10.0\VC\bin\link.exe /ERRORREPORT:PROMPT /OUT:"E:\code_onDevFan.net\windows\proj\Log4C\Debug\Log4C.exe" /INCREMENTAL /NOLOGO kernel32.lib user32.lib gdi32.lib winspool.lib comdlg32.lib advapi32.lib shell32.lib ole32.lib oleaut32.lib uuid.lib odbc32.lib odbccp32.lib /MANIFEST /ManifestFile:"Debug\Log4C.exe.intermediate.manifest" /MANIFESTUAC:"level='asInvoker' uiAccess='false'" /DEBUG /PDB:"E:\code_onDevFan.net\windows\proj\Log4C\Debug\Log4C.pdb" /SUBSYSTEM:CONSOLE /TLBID:1 /DYNAMICBASE /NXCOMPAT /IMPLIB:"E:\code_onDevFan.net\windows\proj\Log4C\Debug\Log4C.lib" /MACHINE:X86 Debug\Log4C.exe.embed.manifest.res
         Debug\Log4C.obj
         Debug\stdafx.obj
         Log4C.vcxproj -> E:\code_onDevFan.net\windows\proj\Log4C\Debug\Log4C.exe
       FinalizeBuildStatus:
         正在删除文件“Debug\Log4C.unsuccessfulbuild”。
         正在对“Debug\Log4C.lastbuildstate”执行 Touch 任务。
     1>已完成生成项目“E:\code_onDevFan.net\windows\proj\Log4C\Log4C\Log4C.vcxproj”(build 个目标)的操作。

生成成功。

已用时间 00:00:02.09
