生成启动时间为 2014/11/28 15:59:10。
     1>项目“E:\code_onDevFan.net\windows\base\CommonLib\TimeLib\TimeLib.vcxproj”在节点 2 上(build 个目标)。
     1>InitializeBuildStatus:
         正在创建“Debug\TimeLib.unsuccessfulbuild”，因为已指定“AlwaysCreate”。
       ClCompile:
         所有输出均为最新。
         F:\Program Files (x86)\Microsoft Visual Studio 10.0\VC\bin\CL.exe /c /ZI /nologo /W3 /WX- /Od /Oy- /D WIN32 /D _DEBUG /D _CONSOLE /D _UNICODE /D UNICODE /Gm /EHsc /RTC1 /MDd /GS /fp:precise /Zc:wchar_t /Zc:forScope /Yu"StdAfx.h" /Fp"Debug\TimeLib.pch" /Fo"Debug\\" /Fd"Debug\vc100.pdb" /Gd /TP /analyze- /errorReport:prompt TimeLib.cpp
         TimeLib.cpp
     1>e:\code_ondevfan.net\windows\base\commonlib\timelib\timelib.cpp(10): warning C4101: “ft”: 未引用的局部变量
       ManifestResourceCompile:
         所有输出均为最新。
       Link:
         F:\Program Files (x86)\Microsoft Visual Studio 10.0\VC\bin\link.exe /ERRORREPORT:PROMPT /OUT:"E:\code_onDevFan.net\windows\base\CommonLib\Debug\TimeLib.exe" /INCREMENTAL /NOLOGO kernel32.lib user32.lib gdi32.lib winspool.lib comdlg32.lib advapi32.lib shell32.lib ole32.lib oleaut32.lib uuid.lib odbc32.lib odbccp32.lib /MANIFEST /ManifestFile:"Debug\TimeLib.exe.intermediate.manifest" /MANIFESTUAC:"level='asInvoker' uiAccess='false'" /DEBUG /PDB:"E:\code_onDevFan.net\windows\base\CommonLib\Debug\TimeLib.pdb" /SUBSYSTEM:CONSOLE /TLBID:1 /DYNAMICBASE /NXCOMPAT /IMPLIB:"E:\code_onDevFan.net\windows\base\CommonLib\Debug\TimeLib.lib" /MACHINE:X86 Debug\TimeLib.exe.embed.manifest.res
         Debug\stdafx.obj
         Debug\TimeLib.obj
       Manifest:
         F:\Program Files (x86)\Microsoft SDKs\Windows\v7.0A\bin\mt.exe /nologo /verbose /out:"Debug\TimeLib.exe.embed.manifest" /manifest Debug\TimeLib.exe.intermediate.manifest
         所有输出均为最新。
       LinkEmbedManifest:
         所有输出均为最新。
         TimeLib.vcxproj -> E:\code_onDevFan.net\windows\base\CommonLib\Debug\TimeLib.exe
       FinalizeBuildStatus:
         正在删除文件“Debug\TimeLib.unsuccessfulbuild”。
         正在对“Debug\TimeLib.lastbuildstate”执行 Touch 任务。
     1>已完成生成项目“E:\code_onDevFan.net\windows\base\CommonLib\TimeLib\TimeLib.vcxproj”(build 个目标)的操作。

生成成功。

已用时间 00:00:00.88
